<?xml version="1.0" encoding="UTF-8"?>
<testng-results ignored="0" total="1" passed="1" failed="0" skipped="0">
  <reporter-output>
  </reporter-output>
  <suite started-at="2023-09-18T19:15:52 BDT" name="Default suite" finished-at="2023-09-18T19:16:10 BDT" duration-ms="18873">
    <groups>
    </groups>
    <test started-at="2023-09-18T19:15:52 BDT" name="Default test" finished-at="2023-09-18T19:16:10 BDT" duration-ms="18873">
      <class name="WPPOOL.WPPOOL.install">
        <test-method is-config="true" signature="start()[pri:0, instance:WPPOOL.WPPOOL.install@53fb3dab]" started-at="2023-09-18T19:15:43 BDT" name="start" finished-at="2023-09-18T19:15:52 BDT" duration-ms="8124" status="PASS">
          <reporter-output>
          </reporter-output>
        </test-method> <!-- start -->
        <test-method signature="wpinstall()[pri:0, instance:WPPOOL.WPPOOL.install@53fb3dab]" started-at="2023-09-18T19:15:52 BDT" name="wpinstall" finished-at="2023-09-18T19:16:10 BDT" duration-ms="18847" status="PASS">
          <reporter-output>
          </reporter-output>
        </test-method> <!-- wpinstall -->
        <test-method is-config="true" signature="close()[pri:0, instance:WPPOOL.WPPOOL.install@53fb3dab]" started-at="2023-09-18T19:16:10 BDT" name="close" finished-at="2023-09-18T19:16:11 BDT" duration-ms="177" status="PASS">
          <reporter-output>
          </reporter-output>
        </test-method> <!-- close -->
      </class> <!-- WPPOOL.WPPOOL.install -->
    </test> <!-- Default test -->
  </suite> <!-- Default suite -->
</testng-results>
